2026-04-25 22:09:19,340 - pyswarms.single.global_best - INFO - Optimize for 25 iters with {'c1': 0.5, 'c2': 0.3, 'w': 0.9}
2026-04-25 22:22:52,462 - pyswarms.single.global_best - INFO - Optimize for 25 iters with {'c1': 0.5, 'c2': 0.3, 'w': 0.9}
2026-04-25 22:24:56,771 - pyswarms.single.global_best - INFO - Optimize for 4 iters with {'c1': 0.5, 'c2': 0.3, 'w': 0.9}
2026-04-25 22:28:13,096 - pyswarms.single.global_best - INFO - Optimize for 1 iters with {'c1': 0.5, 'c2': 0.3, 'w': 0.9}
2026-04-25 22:28:18,918 - pyswarms.single.global_best - INFO - Optimization finished | best cost: 8153.656494955393, best pos: [67.07983823  4.35552788 -3.80032622  0.25427033  2.18482914 18.22961981]
2026-04-25 22:33:22,013 - pyswarms.single.global_best - INFO - Optimize for 1 iters with {'c1': 0.5, 'c2': 0.3, 'w': 0.9}
2026-04-25 22:33:28,112 - pyswarms.single.global_best - INFO - Optimization finished | best cost: 8153.656494955393, best pos: [67.07983823  4.35552788 -3.80032622  0.25427033  2.18482914 18.22961981]
2026-04-25 22:35:59,808 - pyswarms.single.global_best - INFO - Optimize for 1 iters with {'c1': 0.5, 'c2': 0.3, 'w': 0.9}
2026-04-25 22:36:04,900 - pyswarms.single.global_best - INFO - Optimization finished | best cost: 8155.125338743644, best pos: [67.07983823  4.35552788 -3.80032622  0.25427033  2.18482914 18.22961981]
2026-04-25 22:37:03,836 - pyswarms.single.global_best - INFO - Optimize for 1 iters with {'c1': 0.5, 'c2': 0.3, 'w': 0.9}
2026-04-25 22:37:07,593 - pyswarms.single.global_best - INFO - Optimization finished | best cost: 8147.600824400312, best pos: [-3.21482404e+00  1.59902135e-01  2.02846888e+00  1.64700863e+02
  1.82296198e+01]
2026-04-25 22:38:10,890 - pyswarms.single.global_best - INFO - Optimize for 1 iters with {'c1': 0.5, 'c2': 0.3, 'w': 0.9}
2026-04-25 22:38:14,435 - pyswarms.single.global_best - INFO - Optimization finished | best cost: 512.5883922503771, best pos: [67.07983823  4.35552788 -3.80032622  0.25427033  2.18482914 18.22961981]
2026-04-25 22:38:16,104 - tensorflow - WARNING - 5 out of the last 19 calls to <function TensorFlowTrainer._make_function.<locals>.multi_step_on_iterator at 0x000002A91BB7D300> triggered tf.function retracing. Tracing is expensive and the excessive number of tracings could be due to (1) creating @tf.function repeatedly in a loop, (2) passing tensors with different shapes, (3) passing Python objects instead of tensors. For (1), please define your @tf.function outside of the loop. For (2), @tf.function has reduce_retracing=True option that can avoid unnecessary retracing. For (3), please refer to https://www.tensorflow.org/guide/function#controlling_retracing and https://www.tensorflow.org/api_docs/python/tf/function for  more details.
2026-04-25 22:39:08,878 - pyswarms.single.global_best - INFO - Optimize for 1 iters with {'c1': 0.5, 'c2': 0.3, 'w': 0.9}
2026-04-25 22:39:11,825 - pyswarms.single.global_best - INFO - Optimization finished | best cost: 512.6480964521787, best pos: [-3.21482404e+00  1.59902135e-01  2.02846888e+00  1.64700863e+02
  1.82296198e+01]
2026-04-25 22:40:09,744 - pyswarms.single.global_best - INFO - Optimize for 1 iters with {'c1': 0.5, 'c2': 0.3, 'w': 0.9}
2026-04-25 22:40:13,104 - pyswarms.single.global_best - INFO - Optimization finished | best cost: 5421.725702415052, best pos: [67.07983823  4.35552788 -3.80032622  0.25427033  2.18482914 18.22961981]
2026-04-25 22:41:12,352 - pyswarms.single.global_best - INFO - Optimize for 1 iters with {'c1': 0.5, 'c2': 0.3, 'w': 0.9}
2026-04-25 22:41:15,245 - pyswarms.single.global_best - INFO - Optimization finished | best cost: 5421.977604478073, best pos: [-3.21482404e+00  1.59902135e-01  2.02846888e+00  1.64700863e+02
  1.82296198e+01]
2026-04-25 22:41:58,988 - absl - WARNING - You are saving your model as an HDF5 file via `model.save()` or `keras.saving.save_model(model)`. This file format is considered legacy. We recommend using instead the native Keras format, e.g. `model.save('my_model.keras')` or `keras.saving.save_model(model, 'my_model.keras')`. 
2026-04-25 22:41:59,025 - absl - WARNING - You are saving your model as an HDF5 file via `model.save()` or `keras.saving.save_model(model)`. This file format is considered legacy. We recommend using instead the native Keras format, e.g. `model.save('my_model.keras')` or `keras.saving.save_model(model, 'my_model.keras')`. 
2026-04-25 22:41:59,052 - absl - WARNING - You are saving your model as an HDF5 file via `model.save()` or `keras.saving.save_model(model)`. This file format is considered legacy. We recommend using instead the native Keras format, e.g. `model.save('my_model.keras')` or `keras.saving.save_model(model, 'my_model.keras')`. 
2026-04-25 22:41:59,064 - absl - WARNING - You are saving your model as an HDF5 file via `model.save()` or `keras.saving.save_model(model)`. This file format is considered legacy. We recommend using instead the native Keras format, e.g. `model.save('my_model.keras')` or `keras.saving.save_model(model, 'my_model.keras')`. 
2026-04-25 22:41:59,087 - absl - WARNING - You are saving your model as an HDF5 file via `model.save()` or `keras.saving.save_model(model)`. This file format is considered legacy. We recommend using instead the native Keras format, e.g. `model.save('my_model.keras')` or `keras.saving.save_model(model, 'my_model.keras')`. 
2026-04-25 22:41:59,106 - absl - WARNING - You are saving your model as an HDF5 file via `model.save()` or `keras.saving.save_model(model)`. This file format is considered legacy. We recommend using instead the native Keras format, e.g. `model.save('my_model.keras')` or `keras.saving.save_model(model, 'my_model.keras')`. 
2026-04-25 22:41:59,122 - absl - WARNING - You are saving your model as an HDF5 file via `model.save()` or `keras.saving.save_model(model)`. This file format is considered legacy. We recommend using instead the native Keras format, e.g. `model.save('my_model.keras')` or `keras.saving.save_model(model, 'my_model.keras')`. 
2026-04-25 22:41:59,138 - absl - WARNING - You are saving your model as an HDF5 file via `model.save()` or `keras.saving.save_model(model)`. This file format is considered legacy. We recommend using instead the native Keras format, e.g. `model.save('my_model.keras')` or `keras.saving.save_model(model, 'my_model.keras')`. 
2026-04-25 22:41:59,151 - absl - WARNING - You are saving your model as an HDF5 file via `model.save()` or `keras.saving.save_model(model)`. This file format is considered legacy. We recommend using instead the native Keras format, e.g. `model.save('my_model.keras')` or `keras.saving.save_model(model, 'my_model.keras')`. 
2026-04-25 22:41:59,169 - absl - WARNING - You are saving your model as an HDF5 file via `model.save()` or `keras.saving.save_model(model)`. This file format is considered legacy. We recommend using instead the native Keras format, e.g. `model.save('my_model.keras')` or `keras.saving.save_model(model, 'my_model.keras')`. 
2026-04-25 22:41:59,184 - absl - WARNING - You are saving your model as an HDF5 file via `model.save()` or `keras.saving.save_model(model)`. This file format is considered legacy. We recommend using instead the native Keras format, e.g. `model.save('my_model.keras')` or `keras.saving.save_model(model, 'my_model.keras')`. 
2026-04-25 22:41:59,195 - absl - WARNING - You are saving your model as an HDF5 file via `model.save()` or `keras.saving.save_model(model)`. This file format is considered legacy. We recommend using instead the native Keras format, e.g. `model.save('my_model.keras')` or `keras.saving.save_model(model, 'my_model.keras')`. 
2026-04-25 22:45:04,690 - pyswarms.single.global_best - INFO - Optimization finished | best cost: 6319.775272267604, best pos: [118.03025098   3.27137681  -3.03194417   0.34758667   2.83746493
  34.38253488]
2026-04-25 22:57:52,650 - pyswarms.single.global_best - INFO - Optimize for 25 iters with {'c1': 0.5, 'c2': 0.3, 'w': 0.9}
2026-04-25 23:27:04,874 - pyswarms.single.global_best - INFO - Optimization finished | best cost: 7279.33904613307, best pos: [ -3.54882061   0.23974447   1.19448736 106.37395344  36.8263399 ]
2026-04-25 23:38:42,526 - pyswarms.single.global_best - INFO - Optimize for 25 iters with {'c1': 0.5, 'c2': 0.3, 'w': 0.9}
