2026-04-16 02:17:08,934 - pyswarms.single.global_best - INFO - Optimize for 10 iters with {'c1': 0.5, 'c2': 0.3, 'w': 0.9}
2026-04-16 02:24:42,826 - pyswarms.single.global_best - INFO - Optimization finished | best cost: 2286.18017578125, best pos: [8.24569388e+01 5.24275779e+00 2.54524810e+02 9.81846478e-03]
2026-04-17 18:43:59,349 - pyswarms.single.global_best - INFO - Optimize for 25 iters with {'c1': 0.5, 'c2': 0.3, 'w': 0.9}
2026-04-17 19:47:48,537 - pyswarms.single.global_best - INFO - Optimization finished | best cost: 1.140892744064331, best pos: [1.27053893e+02 4.75903443e+00 1.49184861e+02 5.06823772e-03
 3.85492244e-01 2.47703769e+00]
2026-04-17 19:48:04,147 - absl - WARNING - You are saving your model as an HDF5 file via `model.save()` or `keras.saving.save_model(model)`. This file format is considered legacy. We recommend using instead the native Keras format, e.g. `model.save('my_model.keras')` or `keras.saving.save_model(model, 'my_model.keras')`. 
2026-04-17 19:48:04,342 - absl - WARNING - You are saving your model as an HDF5 file via `model.save()` or `keras.saving.save_model(model)`. This file format is considered legacy. We recommend using instead the native Keras format, e.g. `model.save('my_model.keras')` or `keras.saving.save_model(model, 'my_model.keras')`. 
2026-04-17 20:44:04,401 - pyswarms.single.global_best - INFO - Optimize for 25 iters with {'c1': 0.5, 'c2': 0.3, 'w': 0.9}
2026-04-17 22:36:48,196 - pyswarms.single.global_best - INFO - Optimization finished | best cost: 0.31575626134872437, best pos: [4.95399581e+01 3.65802519e+00 6.33170264e+01 8.51021474e-03
 2.21165177e-01 1.88874356e+00]
2026-04-17 22:36:55,878 - tensorflow - WARNING - 5 out of the last 7 calls to <function TensorFlowTrainer.make_predict_function.<locals>.one_step_on_data_distributed at 0x000002456E486160> triggered tf.function retracing. Tracing is expensive and the excessive number of tracings could be due to (1) creating @tf.function repeatedly in a loop, (2) passing tensors with different shapes, (3) passing Python objects instead of tensors. For (1), please define your @tf.function outside of the loop. For (2), @tf.function has reduce_retracing=True option that can avoid unnecessary retracing. For (3), please refer to https://www.tensorflow.org/guide/function#controlling_retracing and https://www.tensorflow.org/api_docs/python/tf/function for  more details.
2026-04-17 22:36:56,065 - tensorflow - WARNING - 6 out of the last 10 calls to <function TensorFlowTrainer.make_predict_function.<locals>.one_step_on_data_distributed at 0x000002456E486160> triggered tf.function retracing. Tracing is expensive and the excessive number of tracings could be due to (1) creating @tf.function repeatedly in a loop, (2) passing tensors with different shapes, (3) passing Python objects instead of tensors. For (1), please define your @tf.function outside of the loop. For (2), @tf.function has reduce_retracing=True option that can avoid unnecessary retracing. For (3), please refer to https://www.tensorflow.org/guide/function#controlling_retracing and https://www.tensorflow.org/api_docs/python/tf/function for  more details.
2026-04-17 22:36:56,219 - absl - WARNING - You are saving your model as an HDF5 file via `model.save()` or `keras.saving.save_model(model)`. This file format is considered legacy. We recommend using instead the native Keras format, e.g. `model.save('my_model.keras')` or `keras.saving.save_model(model, 'my_model.keras')`. 
2026-04-17 22:36:56,371 - absl - WARNING - You are saving your model as an HDF5 file via `model.save()` or `keras.saving.save_model(model)`. This file format is considered legacy. We recommend using instead the native Keras format, e.g. `model.save('my_model.keras')` or `keras.saving.save_model(model, 'my_model.keras')`. 
2026-04-17 22:37:02,519 - pyswarms.single.global_best - INFO - Optimize for 25 iters with {'c1': 0.5, 'c2': 0.3, 'w': 0.9}
2026-04-17 23:59:55,083 - pyswarms.single.global_best - INFO - Optimization finished | best cost: 0.930169939994812, best pos: [1.08273111e+02 2.45234309e+00 1.40975744e+02 8.72306518e-03
 2.69302779e-01 2.17005647e+00]
2026-04-18 00:00:02,767 - absl - WARNING - You are saving your model as an HDF5 file via `model.save()` or `keras.saving.save_model(model)`. This file format is considered legacy. We recommend using instead the native Keras format, e.g. `model.save('my_model.keras')` or `keras.saving.save_model(model, 'my_model.keras')`. 
2026-04-18 00:00:02,885 - absl - WARNING - You are saving your model as an HDF5 file via `model.save()` or `keras.saving.save_model(model)`. This file format is considered legacy. We recommend using instead the native Keras format, e.g. `model.save('my_model.keras')` or `keras.saving.save_model(model, 'my_model.keras')`. 
2026-04-18 00:00:06,763 - pyswarms.single.global_best - INFO - Optimize for 25 iters with {'c1': 0.5, 'c2': 0.3, 'w': 0.9}
2026-04-18 01:00:24,854 - pyswarms.single.global_best - INFO - Optimization finished | best cost: 1.1621530055999756, best pos: [7.48012653e+01 5.56902016e+00 1.32174230e+02 8.07267283e-03
 1.63265272e-01 1.91533191e+00]
2026-04-18 01:00:36,139 - absl - WARNING - You are saving your model as an HDF5 file via `model.save()` or `keras.saving.save_model(model)`. This file format is considered legacy. We recommend using instead the native Keras format, e.g. `model.save('my_model.keras')` or `keras.saving.save_model(model, 'my_model.keras')`. 
2026-04-18 01:00:36,258 - absl - WARNING - You are saving your model as an HDF5 file via `model.save()` or `keras.saving.save_model(model)`. This file format is considered legacy. We recommend using instead the native Keras format, e.g. `model.save('my_model.keras')` or `keras.saving.save_model(model, 'my_model.keras')`. 
